<?xml version="1.0" encoding="UTF-8"?>
<testng-results ignored="0" total="1" passed="1" failed="0" skipped="0">
  <reporter-output>
  </reporter-output>
  <suite started-at="2023-03-25T09:15:35 IST" name="Default suite" finished-at="2023-03-25T09:15:49 IST" duration-ms="14356">
    <groups>
      <group name="cucumber">
        <method signature="AbstractTestNGCucumberTests.runScenario(io.cucumber.testng.PickleWrapper,io.cucumber.testng.FeatureWrapper)[pri:0, instance:cucumberOptions.TestRunner@19976a65]" name="runScenario" class="io.cucumber.testng.AbstractTestNGCucumberTests"/>
      </group> <!-- cucumber -->
    </groups>
    <test started-at="2023-03-25T09:15:35 IST" name="Default test" finished-at="2023-03-25T09:15:49 IST" duration-ms="14356">
      <class name="cucumberOptions.TestRunner">
        <test-method is-config="true" signature="setUpClass(org.testng.ITestContext)[pri:0, instance:cucumberOptions.TestRunner@19976a65]" started-at="2023-03-25T09:15:35 IST" name="setUpClass" finished-at="2023-03-25T09:15:36 IST" duration-ms="529" status="PASS">
          <params>
            <param index="0">
              <value>
                <![CDATA[org.testng.TestRunner@256a5df0]]>
              </value>
            </param>
          </params>
          <reporter-output>
          </reporter-output>
        </test-method> <!-- setUpClass -->
        <test-method is-config="true" signature="startPoint()[pri:0, instance:cucumberOptions.TestRunner@19976a65]" started-at="2023-03-25T09:15:36 IST" name="startPoint" finished-at="2023-03-25T09:15:39 IST" duration-ms="3178" status="PASS">
          <reporter-output>
          </reporter-output>
        </test-method> <!-- startPoint -->
        <test-method signature="runScenario(io.cucumber.testng.PickleWrapper,io.cucumber.testng.FeatureWrapper)[pri:0, instance:cucumberOptions.TestRunner@19976a65]" started-at="2023-03-25T09:15:39 IST" name="runScenario" description="Runs Cucumber Scenarios" data-provider="scenarios" finished-at="2023-03-25T09:15:46 IST" duration-ms="7441" status="PASS">
          <params>
            <param index="0">
              <value>
                <![CDATA["User able to use Get In Touch form"]]>
              </value>
            </param>
            <param index="1">
              <value>
                <![CDATA["Get In Touch form Functionality"]]>
              </value>
            </param>
          </params>
          <reporter-output>
          </reporter-output>
        </test-method> <!-- runScenario -->
        <test-method is-config="true" signature="endPoint()[pri:0, instance:cucumberOptions.TestRunner@19976a65]" started-at="2023-03-25T09:15:46 IST" name="endPoint" finished-at="2023-03-25T09:15:47 IST" duration-ms="1106" status="PASS">
          <reporter-output>
          </reporter-output>
        </test-method> <!-- endPoint -->
        <test-method is-config="true" signature="tearDownClass()[pri:0, instance:cucumberOptions.TestRunner@19976a65]" started-at="2023-03-25T09:15:47 IST" name="tearDownClass" finished-at="2023-03-25T09:15:49 IST" duration-ms="2066" status="PASS">
          <reporter-output>
          </reporter-output>
        </test-method> <!-- tearDownClass -->
      </class> <!-- cucumberOptions.TestRunner -->
    </test> <!-- Default test -->
  </suite> <!-- Default suite -->
</testng-results>
